
=== Fri Oct 18 23:36:49 2019

Packages were changed.
Update Mode: updateDependencies

The following packages were updated:
  com.unity.ide.vscode from version 1.1.0 to 1.1.2

=== Thu Feb 18 00:48:43 2021

Packages were changed.
Update Mode: updateDependencies

The following packages were updated:
  com.unity.ext.nunit from version 1.0.0 to 1.0.6
  com.unity.ide.rider from version 1.1.0 to 1.1.4
  com.unity.ide.vscode from version 1.1.2 to 1.2.3
  com.unity.test-framework from version 1.0.13 to 1.1.22
  com.unity.timeline from version 1.1.0 to 1.2.6
The following packages were removed:
  com.unity.package-manager-ui@2.2.0

=== Wed Feb 24 06:25:59 2021

Packages were changed.
Update Mode: updateDependencies

The following packages were added:
  com.unity.ide.visualstudio@2.0.5
The following packages were updated:
  com.unity.collab-proxy from version 1.2.16 to 1.3.9
  com.unity.ide.rider from version 1.1.4 to 2.0.7
  com.unity.textmeshpro from version 2.1.4 to 3.0.1

=== Mon Apr 12 16:13:20 2021

Packages were changed.
Update Mode: updateDependencies

The following packages were updated:
  com.unity.scriptablebuildpipeline from version 1.14.1 to 1.15.2
  com.unity.test-framework from version 1.1.22 to 1.1.24
